<?xml version="1.0" encoding="UTF-8"?>
<!-- Generated by org.testng.reporters.JUnitReportReporter -->
<testsuite hostname="DESKTOP-TEBPBBT" failures="0" tests="1" name="Regression.LoginTest" time="0.023" errors="0" timestamp="2024-09-28T16:29:08 BST" skipped="0">
  <testcase classname="Regression.LoginTest" name="ValidateWithCorrectUserName_PW" time="0.023"/>
</testsuite> <!-- Regression.LoginTest -->
