<?xml version="1.0" encoding="UTF-8"?>
<!-- Generated by org.testng.reporters.JUnitReportReporter -->
<testsuite hostname="DESKTOP-TEBPBBT" failures="0" tests="1" name="Regression.LoginTest" time="7.593" errors="0" timestamp="2024-10-05T21:52:48 BST" skipped="0">
  <testcase classname="Regression.LoginTest" name="ValidateWithCorrectUserName_PW" time="7.593"/>
</testsuite> <!-- Regression.LoginTest -->
