<?xml version="1.0" encoding="UTF-8"?>
<!-- Generated by org.testng.reporters.JUnitReportReporter -->
<testsuite hostname="DESKTOP-TEBPBBT" failures="0" tests="1" name="Regression.LoginTest" time="6.994" errors="0" timestamp="2024-10-05T23:08:46 BST" skipped="0">
  <testcase classname="Regression.LoginTest" name="ValidateWithCorrectUserName_PW" time="6.994"/>
</testsuite> <!-- Regression.LoginTest -->
