<?xml version="1.0" encoding="UTF-8"?>
<!-- Generated by org.testng.reporters.JUnitReportReporter -->
<testsuite hostname="DESKTOP-TEBPBBT" failures="0" tests="1" name="Regression.LoginTest" time="3.613" errors="0" timestamp="2024-10-03T23:52:47 BST" skipped="0">
  <testcase classname="Regression.LoginTest" name="ValidateWithCorrectUserName_PW" time="3.613"/>
</testsuite> <!-- Regression.LoginTest -->
